This file contains any messages produced by compilers while
running configure, to aid debugging if configure makes a mistake.

It was created by GLPK configure 4.47, which was
generated by GNU Autoconf 2.69.  Invocation command line was

  $ ./configure 

## --------- ##
## Platform. ##
## --------- ##

hostname = laurynas-VirtualBox
uname -m = x86_64
uname -r = 3.13.0-98-generic
uname -s = Linux
uname -v = #145-Ubuntu SMP Sat Oct 8 20:13:07 UTC 2016

/usr/bin/uname -p = unknown
/bin/uname -X     = unknown

/bin/arch              = unknown
/usr/bin/arch -k       = unknown
/usr/convex/getsysinfo = unknown
/usr/bin/hostinfo      = unknown
/bin/machine           = unknown
/usr/bin/oslevel       = unknown
/bin/universe          = unknown

PATH: /usr/local/pgsql/bin
PATH: /usr/local/sbin
PATH: /usr/local/bin
PATH: /usr/sbin
PATH: /usr/bin
PATH: /sbin
PATH: /bin
PATH: /usr/games
PATH: /usr/local/games
PATH: /usr/local/pgsql/bin
PATH: /usr/local/pgsql/bin/
PATH: /usr/local/pgsql/bin


## ----------- ##
## Core tests. ##
## ----------- ##

configure:2249: checking for a BSD-compatible install
configure:2317: result: /usr/bin/install -c
configure:2328: checking whether build environment is sane
configure:2378: result: yes
configure:2519: checking for a thread-safe mkdir -p
configure:2558: result: /bin/mkdir -p
configure:2571: checking for gawk
configure:2601: result: no
configure:2571: checking for mawk
configure:2587: found /usr/bin/mawk
configure:2598: result: mawk
configure:2609: checking whether make sets $(MAKE)
configure:2631: result: yes
configure:2812: checking for gcc
configure:2828: found /usr/bin/gcc
configure:2839: result: gcc
configure:3068: checking for C compiler version
configure:3077: gcc --version >&5
gcc (Ubuntu 4.8.4-2ubuntu1~14.04.3) 4.8.4
Copyright (C) 2013 Free Software Foundation, Inc.
This is free software; see the source for copying conditions.  There is NO
warranty; not even for MERCHANTABILITY or FITNESS FOR A PARTICULAR PURPOSE.

configure:3088: $? = 0
configure:3077: gcc -v >&5
Using built-in specs.
COLLECT_GCC=gcc
COLLECT_LTO_WRAPPER=/usr/lib/gcc/x86_64-linux-gnu/4.8/lto-wrapper
Target: x86_64-linux-gnu
Configured with: ../src/configure -v --with-pkgversion='Ubuntu 4.8.4-2ubuntu1~14.04.3' --with-bugurl=file:///usr/share/doc/gcc-4.8/README.Bugs --enable-languages=c,c++,java,go,d,fortran,objc,obj-c++ --prefix=/usr --program-suffix=-4.8 --enable-shared --enable-linker-build-id --libexecdir=/usr/lib --without-included-gettext --enable-threads=posix --with-gxx-include-dir=/usr/include/c++/4.8 --libdir=/usr/lib --enable-nls --with-sysroot=/ --enable-clocale=gnu --enable-libstdcxx-debug --enable-libstdcxx-time=yes --enable-gnu-unique-object --disable-libmudflap --enable-plugin --with-system-zlib --disable-browser-plugin --enable-java-awt=gtk --enable-gtk-cairo --with-java-home=/usr/lib/jvm/java-1.5.0-gcj-4.8-amd64/jre --enable-java-home --with-jvm-root-dir=/usr/lib/jvm/java-1.5.0-gcj-4.8-amd64 --with-jvm-jar-dir=/usr/lib/jvm-exports/java-1.5.0-gcj-4.8-amd64 --with-arch-directory=amd64 --with-ecj-jar=/usr/share/java/eclipse-ecj.jar --enable-objc-gc --enable-multiarch --disable-werror --with-arch-32=i686 --with-abi=m64 --with-multilib-list=m32,m64,mx32 --with-tune=generic --enable-checking=release --build=x86_64-linux-gnu --host=x86_64-linux-gnu --target=x86_64-linux-gnu
Thread model: posix
gcc version 4.8.4 (Ubuntu 4.8.4-2ubuntu1~14.04.3) 
configure:3088: $? = 0
configure:3077: gcc -V >&5
gcc: error: unrecognized command line option '-V'
gcc: fatal error: no input files
compilation terminated.
configure:3088: $? = 4
configure:3077: gcc -qversion >&5
gcc: error: unrecognized command line option '-qversion'
gcc: fatal error: no input files
compilation terminated.
configure:3088: $? = 4
configure:3108: checking whether the C compiler works
configure:3130: gcc    conftest.c  >&5
configure:3134: $? = 0
configure:3182: result: yes
configure:3185: checking for C compiler default output file name
configure:3187: result: a.out
configure:3193: checking for suffix of executables
configure:3200: gcc -o conftest    conftest.c  >&5
configure:3204: $? = 0
configure:3226: result: 
configure:3248: checking whether we are cross compiling
configure:3256: gcc -o conftest    conftest.c  >&5
configure:3260: $? = 0
configure:3267: ./conftest
configure:3271: $? = 0
configure:3286: result: no
configure:3291: checking for suffix of object files
configure:3313: gcc -c   conftest.c >&5
configure:3317: $? = 0
configure:3338: result: o
configure:3342: checking whether we are using the GNU C compiler
configure:3361: gcc -c   conftest.c >&5
configure:3361: $? = 0
configure:3370: result: yes
configure:3379: checking whether gcc accepts -g
configure:3399: gcc -c -g  conftest.c >&5
configure:3399: $? = 0
configure:3440: result: yes
configure:3457: checking for gcc option to accept ISO C89
configure:3520: gcc  -c -g -O2  conftest.c >&5
configure:3520: $? = 0
configure:3533: result: none needed
configure:3564: checking for style of include used by make
configure:3592: result: GNU
configure:3617: checking dependency style of gcc
configure:3727: result: gcc3
configure:3772: checking build system type
configure:3786: result: x86_64-unknown-linux-gnu
configure:3806: checking host system type
configure:3819: result: x86_64-unknown-linux-gnu
configure:3860: checking how to print strings
configure:3887: result: printf
configure:3908: checking for a sed that does not truncate output
configure:3972: result: /bin/sed
configure:3990: checking for grep that handles long lines and -e
configure:4048: result: /bin/grep
configure:4053: checking for egrep
configure:4115: result: /bin/grep -E
configure:4120: checking for fgrep
configure:4182: result: /bin/grep -F
configure:4217: checking for ld used by gcc
configure:4284: result: /usr/bin/ld
configure:4291: checking if the linker (/usr/bin/ld) is GNU ld
configure:4306: result: yes
configure:4318: checking for BSD- or MS-compatible name lister (nm)
configure:4367: result: /usr/bin/nm -B
configure:4497: checking the name lister (/usr/bin/nm -B) interface
configure:4504: gcc -c -g -O2  conftest.c >&5
configure:4507: /usr/bin/nm -B "conftest.o"
configure:4510: output
0000000000000000 B some_variable
configure:4517: result: BSD nm
configure:4520: checking whether ln -s works
configure:4524: result: yes
configure:4532: checking the maximum length of command line arguments
configure:4657: result: 1572864
configure:4674: checking whether the shell understands some XSI constructs
configure:4684: result: yes
configure:4688: checking whether the shell understands "+="
configure:4694: result: yes
configure:4729: checking how to convert x86_64-unknown-linux-gnu paths to x86_64-unknown-linux-gnu format
configure:4769: result: func_noop_path_convert
configure:4776: checking for /usr/bin/ld option to reload object files
configure:4783: result: -r
configure:4852: checking for objdump
configure:4868: found /usr/bin/objdump
configure:4879: result: objdump
configure:4911: checking how to recognize dependent libraries
configure:5112: result: pass_all
configure:5172: checking for dlltool
configure:5202: result: no
configure:5232: checking how to associate runtime and link libraries
configure:5259: result: printf %s\n
configure:5313: checking for ar
configure:5329: found /usr/bin/ar
configure:5340: result: ar
configure:5418: checking for strip
configure:5434: found /usr/bin/strip
configure:5445: result: strip
configure:5517: checking for ranlib
configure:5533: found /usr/bin/ranlib
configure:5544: result: ranlib
configure:5646: checking command to parse /usr/bin/nm -B output from gcc object
configure:5764: gcc -c -g -O2  conftest.c >&5
configure:5767: $? = 0
configure:5771: /usr/bin/nm -B conftest.o \| sed -n -e 's/^.*[ ]\([ABCDGIRSTW][ABCDGIRSTW]*\)[ ][ ]*\([_A-Za-z][_A-Za-z0-9]*\)$/\1 \2 \2/p' \> conftest.nm
configure:5774: $? = 0
configure:5828: gcc -o conftest -g -O2   conftest.c conftstm.o >&5
configure:5831: $? = 0
configure:5869: result: ok
configure:5965: gcc -c -g -O2  conftest.c >&5
configure:5968: $? = 0
configure:6708: checking how to run the C preprocessor
configure:6739: gcc -E  conftest.c
configure:6739: $? = 0
configure:6753: gcc -E  conftest.c
conftest.c:11:28: fatal error: ac_nonexistent.h: No such file or directory
 #include <ac_nonexistent.h>
                            ^
compilation terminated.
configure:6753: $? = 1
configure: failed program was:
| /* confdefs.h */
| #define PACKAGE_NAME "GLPK"
| #define PACKAGE_TARNAME "glpk"
| #define PACKAGE_VERSION "4.47"
| #define PACKAGE_STRING "GLPK 4.47"
| #define PACKAGE_BUGREPORT "bug-glpk@gnu.org"
| #define PACKAGE_URL ""
| #define PACKAGE "glpk"
| #define VERSION "4.47"
| /* end confdefs.h.  */
| #include <ac_nonexistent.h>
configure:6778: result: gcc -E
configure:6798: gcc -E  conftest.c
configure:6798: $? = 0
configure:6812: gcc -E  conftest.c
conftest.c:11:28: fatal error: ac_nonexistent.h: No such file or directory
 #include <ac_nonexistent.h>
                            ^
compilation terminated.
configure:6812: $? = 1
configure: failed program was:
| /* confdefs.h */
| #define PACKAGE_NAME "GLPK"
| #define PACKAGE_TARNAME "glpk"
| #define PACKAGE_VERSION "4.47"
| #define PACKAGE_STRING "GLPK 4.47"
| #define PACKAGE_BUGREPORT "bug-glpk@gnu.org"
| #define PACKAGE_URL ""
| #define PACKAGE "glpk"
| #define VERSION "4.47"
| /* end confdefs.h.  */
| #include <ac_nonexistent.h>
configure:6841: checking for ANSI C header files
configure:6861: gcc -c -g -O2  conftest.c >&5
configure:6861: $? = 0
configure:6934: gcc -o conftest -g -O2   conftest.c  >&5
configure:6934: $? = 0
configure:6934: ./conftest
configure:6934: $? = 0
configure:6945: result: yes
configure:6958: checking for sys/types.h
configure:6958: gcc -c -g -O2  conftest.c >&5
configure:6958: $? = 0
configure:6958: result: yes
configure:6958: checking for sys/stat.h
configure:6958: gcc -c -g -O2  conftest.c >&5
configure:6958: $? = 0
configure:6958: result: yes
configure:6958: checking for stdlib.h
configure:6958: gcc -c -g -O2  conftest.c >&5
configure:6958: $? = 0
configure:6958: result: yes
configure:6958: checking for string.h
configure:6958: gcc -c -g -O2  conftest.c >&5
configure:6958: $? = 0
configure:6958: result: yes
configure:6958: checking for memory.h
configure:6958: gcc -c -g -O2  conftest.c >&5
configure:6958: $? = 0
configure:6958: result: yes
configure:6958: checking for strings.h
configure:6958: gcc -c -g -O2  conftest.c >&5
configure:6958: $? = 0
configure:6958: result: yes
configure:6958: checking for inttypes.h
configure:6958: gcc -c -g -O2  conftest.c >&5
configure:6958: $? = 0
configure:6958: result: yes
configure:6958: checking for stdint.h
configure:6958: gcc -c -g -O2  conftest.c >&5
configure:6958: $? = 0
configure:6958: result: yes
configure:6958: checking for unistd.h
configure:6958: gcc -c -g -O2  conftest.c >&5
configure:6958: $? = 0
configure:6958: result: yes
configure:6972: checking for dlfcn.h
configure:6972: gcc -c -g -O2  conftest.c >&5
configure:6972: $? = 0
configure:6972: result: yes
configure:7159: checking for objdir
configure:7174: result: .libs
configure:7445: checking if gcc supports -fno-rtti -fno-exceptions
configure:7463: gcc -c -g -O2  -fno-rtti -fno-exceptions conftest.c >&5
cc1: warning: command line option '-fno-rtti' is valid for C++/ObjC++ but not for C [enabled by default]
configure:7467: $? = 0
configure:7480: result: no
configure:7500: checking for gcc option to produce PIC
configure:7785: result: -fPIC -DPIC
configure:7797: checking if gcc PIC flag -fPIC -DPIC works
configure:7815: gcc -c -g -O2  -fPIC -DPIC -DPIC conftest.c >&5
configure:7819: $? = 0
configure:7832: result: yes
configure:7856: checking if gcc static flag -static works
configure:7884: result: yes
configure:7899: checking if gcc supports -c -o file.o
configure:7920: gcc -c -g -O2  -o out/conftest2.o conftest.c >&5
configure:7924: $? = 0
configure:7946: result: yes
configure:7954: checking if gcc supports -c -o file.o
configure:8001: result: yes
configure:8034: checking whether the gcc linker (/usr/bin/ld -m elf_x86_64) supports shared libraries
configure:9110: result: yes
configure:9147: checking whether -lc should be explicitly linked in
configure:9155: gcc -c -g -O2  conftest.c >&5
configure:9158: $? = 0
configure:9173: gcc -shared conftest.o  -v -Wl,-soname -Wl,conftest -o conftest 2\>\&1 \| /bin/grep  -lc  \>/dev/null 2\>\&1
configure:9176: $? = 0
configure:9190: result: no
configure:9355: checking dynamic linker characteristics
configure:9810: gcc -o conftest -g -O2   -Wl,-rpath -Wl,/foo conftest.c  >&5
configure:9810: $? = 0
configure:10032: result: GNU/Linux ld.so
configure:10139: checking how to hardcode library paths into programs
configure:10164: result: immediate
configure:10704: checking whether stripping libraries is possible
configure:10709: result: yes
configure:10744: checking if libtool supports shared libraries
configure:10746: result: yes
configure:10749: checking whether to build shared libraries
configure:10770: result: yes
configure:10773: checking whether to build static libraries
configure:10777: result: yes
configure:10813: checking for exp in -lm
configure:10838: gcc -o conftest -g -O2   conftest.c -lm   >&5
conftest.c:30:6: warning: conflicting types for built-in function 'exp' [enabled by default]
 char exp ();
      ^
configure:10838: $? = 0
configure:10847: result: yes
configure:10859: checking sys/time.h usability
configure:10859: gcc -c -g -O2  conftest.c >&5
configure:10859: $? = 0
configure:10859: result: yes
configure:10859: checking sys/time.h presence
configure:10859: gcc -E  conftest.c
configure:10859: $? = 0
configure:10859: result: yes
configure:10859: checking for sys/time.h
configure:10859: result: yes
configure:10868: checking for gettimeofday
configure:10868: gcc -o conftest -g -O2   conftest.c -lm  >&5
configure:10868: $? = 0
configure:10868: result: yes
configure:10876: checking whether to use GNU MP bignum library
configure:10886: result: no
configure:10890: checking whether to enable shared library support
configure:10913: result: no
configure:10930: checking whether to enable MathProg ODBC support
configure:10955: result: no
configure:10959: checking whether to enable MathProg MySQL support
configure:10974: result: no
configure:11110: creating ./config.status

## ---------------------- ##
## Running config.status. ##
## ---------------------- ##

This file was extended by GLPK config.status 4.47, which was
generated by GNU Autoconf 2.69.  Invocation command line was

  CONFIG_FILES    = 
  CONFIG_HEADERS  = 
  CONFIG_LINKS    = 
  CONFIG_COMMANDS = 
  $ ./config.status 

on laurynas-VirtualBox

config.status:1072: creating src/Makefile
config.status:1072: creating examples/Makefile
config.status:1072: creating Makefile
config.status:1072: creating config.h
config.status:1301: executing depfiles commands
config.status:1301: executing libtool commands

## ---------------- ##
## Cache variables. ##
## ---------------- ##

ac_cv_build=x86_64-unknown-linux-gnu
ac_cv_c_compiler_gnu=yes
ac_cv_env_CC_set=
ac_cv_env_CC_value=
ac_cv_env_CFLAGS_set=
ac_cv_env_CFLAGS_value=
ac_cv_env_CPPFLAGS_set=
ac_cv_env_CPPFLAGS_value=
ac_cv_env_CPP_set=
ac_cv_env_CPP_value=
ac_cv_env_LDFLAGS_set=
ac_cv_env_LDFLAGS_value=
ac_cv_env_LIBS_set=
ac_cv_env_LIBS_value=
ac_cv_env_build_alias_set=
ac_cv_env_build_alias_value=
ac_cv_env_host_alias_set=
ac_cv_env_host_alias_value=
ac_cv_env_target_alias_set=
ac_cv_env_target_alias_value=
ac_cv_func_gettimeofday=yes
ac_cv_header_dlfcn_h=yes
ac_cv_header_inttypes_h=yes
ac_cv_header_memory_h=yes
ac_cv_header_stdc=yes
ac_cv_header_stdint_h=yes
ac_cv_header_stdlib_h=yes
ac_cv_header_string_h=yes
ac_cv_header_strings_h=yes
ac_cv_header_sys_stat_h=yes
ac_cv_header_sys_time_h=yes
ac_cv_header_sys_types_h=yes
ac_cv_header_unistd_h=yes
ac_cv_host=x86_64-unknown-linux-gnu
ac_cv_lib_m_exp=yes
ac_cv_objext=o
ac_cv_path_EGREP='/bin/grep -E'
ac_cv_path_FGREP='/bin/grep -F'
ac_cv_path_GREP=/bin/grep
ac_cv_path_SED=/bin/sed
ac_cv_path_install='/usr/bin/install -c'
ac_cv_path_mkdir=/bin/mkdir
ac_cv_prog_AWK=mawk
ac_cv_prog_CPP='gcc -E'
ac_cv_prog_ac_ct_AR=ar
ac_cv_prog_ac_ct_CC=gcc
ac_cv_prog_ac_ct_OBJDUMP=objdump
ac_cv_prog_ac_ct_RANLIB=ranlib
ac_cv_prog_ac_ct_STRIP=strip
ac_cv_prog_cc_c89=
ac_cv_prog_cc_g=yes
ac_cv_prog_make_make_set=yes
am_cv_CC_dependencies_compiler_type=gcc3
lt_cv_archive_cmds_need_lc=no
lt_cv_deplibs_check_method=pass_all
lt_cv_file_magic_cmd='$MAGIC_CMD'
lt_cv_file_magic_test_file=
lt_cv_ld_reload_flag=-r
lt_cv_nm_interface='BSD nm'
lt_cv_objdir=.libs
lt_cv_path_LD=/usr/bin/ld
lt_cv_path_NM='/usr/bin/nm -B'
lt_cv_prog_compiler_c_o=yes
lt_cv_prog_compiler_pic_works=yes
lt_cv_prog_compiler_rtti_exceptions=no
lt_cv_prog_compiler_static_works=yes
lt_cv_prog_gnu_ld=yes
lt_cv_sharedlib_from_linklib_cmd='printf %s\n'
lt_cv_shlibpath_overrides_runpath=no
lt_cv_sys_global_symbol_pipe='sed -n -e '\''s/^.*[	 ]\([ABCDGIRSTW][ABCDGIRSTW]*\)[	 ][	 ]*\([_A-Za-z][_A-Za-z0-9]*\)$/\1 \2 \2/p'\'''
lt_cv_sys_global_symbol_to_c_name_address='sed -n -e '\''s/^: \([^ ]*\)[ ]*$/  {\"\1\", (void *) 0},/p'\'' -e '\''s/^[ABCDGIRSTW]* \([^ ]*\) \([^ ]*\)$/  {"\2", (void *) \&\2},/p'\'''
lt_cv_sys_global_symbol_to_c_name_address_lib_prefix='sed -n -e '\''s/^: \([^ ]*\)[ ]*$/  {\"\1\", (void *) 0},/p'\'' -e '\''s/^[ABCDGIRSTW]* \([^ ]*\) \(lib[^ ]*\)$/  {"\2", (void *) \&\2},/p'\'' -e '\''s/^[ABCDGIRSTW]* \([^ ]*\) \([^ ]*\)$/  {"lib\2", (void *) \&\2},/p'\'''
lt_cv_sys_global_symbol_to_cdecl='sed -n -e '\''s/^T .* \(.*\)$/extern int \1();/p'\'' -e '\''s/^[ABCDGIRSTW]* .* \(.*\)$/extern char \1;/p'\'''
lt_cv_sys_max_cmd_len=1572864
lt_cv_to_host_path_cmd=func_noop_path_convert

## ----------------- ##
## Output variables. ##
## ----------------- ##

ACLOCAL='${SHELL} /home/laurynas/Projects/pgSolverV2/LPsolver_v1.5/glpk/glpk-4.47/missing --run aclocal-1.11'
AMDEPBACKSLASH='\'
AMDEP_FALSE='#'
AMDEP_TRUE=''
AMTAR='${SHELL} /home/laurynas/Projects/pgSolverV2/LPsolver_v1.5/glpk/glpk-4.47/missing --run tar'
AR='ar'
AUTOCONF='${SHELL} /home/laurynas/Projects/pgSolverV2/LPsolver_v1.5/glpk/glpk-4.47/missing --run autoconf'
AUTOHEADER='${SHELL} /home/laurynas/Projects/pgSolverV2/LPsolver_v1.5/glpk/glpk-4.47/missing --run autoheader'
AUTOMAKE='${SHELL} /home/laurynas/Projects/pgSolverV2/LPsolver_v1.5/glpk/glpk-4.47/missing --run automake-1.11'
AWK='mawk'
CC='gcc'
CCDEPMODE='depmode=gcc3'
CFLAGS='-g -O2'
CPP='gcc -E'
CPPFLAGS=''
CYGPATH_W='echo'
DEFS='-DHAVE_CONFIG_H'
DEPDIR='.deps'
DLLTOOL='false'
DSYMUTIL=''
DUMPBIN=''
ECHO_C=''
ECHO_N='-n'
ECHO_T=''
EGREP='/bin/grep -E'
EXEEXT=''
FGREP='/bin/grep -F'
GREP='/bin/grep'
INSTALL_DATA='${INSTALL} -m 644'
INSTALL_PROGRAM='${INSTALL}'
INSTALL_SCRIPT='${INSTALL}'
INSTALL_STRIP_PROGRAM='$(install_sh) -c -s'
LD='/usr/bin/ld -m elf_x86_64'
LDFLAGS=''
LIBOBJS=''
LIBS='-lm '
LIBTOOL='$(SHELL) $(top_builddir)/libtool'
LIPO=''
LN_S='ln -s'
LTLIBOBJS=''
MAKEINFO='${SHELL} /home/laurynas/Projects/pgSolverV2/LPsolver_v1.5/glpk/glpk-4.47/missing --run makeinfo'
MKDIR_P='/bin/mkdir -p'
NM='/usr/bin/nm -B'
NMEDIT=''
OBJDUMP='objdump'
OBJEXT='o'
OTOOL64=''
OTOOL=''
PACKAGE='glpk'
PACKAGE_BUGREPORT='bug-glpk@gnu.org'
PACKAGE_NAME='GLPK'
PACKAGE_STRING='GLPK 4.47'
PACKAGE_TARNAME='glpk'
PACKAGE_URL=''
PACKAGE_VERSION='4.47'
PATH_SEPARATOR=':'
RANLIB='ranlib'
SED='/bin/sed'
SET_MAKE=''
SHELL='/bin/bash'
STRIP='strip'
VERSION='4.47'
ac_ct_CC='gcc'
ac_ct_DUMPBIN=''
am__EXEEXT_FALSE=''
am__EXEEXT_TRUE='#'
am__fastdepCC_FALSE='#'
am__fastdepCC_TRUE=''
am__include='include'
am__isrc=''
am__leading_dot='.'
am__quote=''
am__tar='${AMTAR} chof - "$$tardir"'
am__untar='${AMTAR} xf -'
bindir='${exec_prefix}/bin'
build='x86_64-unknown-linux-gnu'
build_alias=''
build_cpu='x86_64'
build_os='linux-gnu'
build_vendor='unknown'
datadir='${datarootdir}'
datarootdir='${prefix}/share'
docdir='${datarootdir}/doc/${PACKAGE_TARNAME}'
dvidir='${docdir}'
exec_prefix='${prefix}'
host='x86_64-unknown-linux-gnu'
host_alias=''
host_cpu='x86_64'
host_os='linux-gnu'
host_vendor='unknown'
htmldir='${docdir}'
includedir='${prefix}/include'
infodir='${datarootdir}/info'
install_sh='${SHELL} /home/laurynas/Projects/pgSolverV2/LPsolver_v1.5/glpk/glpk-4.47/install-sh'
libdir='${exec_prefix}/lib'
libexecdir='${exec_prefix}/libexec'
localedir='${datarootdir}/locale'
localstatedir='${prefix}/var'
mandir='${datarootdir}/man'
mkdir_p='/bin/mkdir -p'
oldincludedir='/usr/include'
pdfdir='${docdir}'
prefix='/usr/local'
program_transform_name='s,x,x,'
psdir='${docdir}'
sbindir='${exec_prefix}/sbin'
sharedstatedir='${prefix}/com'
sysconfdir='${prefix}/etc'
target_alias=''
to_host_path_cmd='func_noop_path_convert'

## ----------- ##
## confdefs.h. ##
## ----------- ##

/* confdefs.h */
#define PACKAGE_NAME "GLPK"
#define PACKAGE_TARNAME "glpk"
#define PACKAGE_VERSION "4.47"
#define PACKAGE_STRING "GLPK 4.47"
#define PACKAGE_BUGREPORT "bug-glpk@gnu.org"
#define PACKAGE_URL ""
#define PACKAGE "glpk"
#define VERSION "4.47"
#define STDC_HEADERS 1
#define HAVE_SYS_TYPES_H 1
#define HAVE_SYS_STAT_H 1
#define HAVE_STDLIB_H 1
#define HAVE_STRING_H 1
#define HAVE_MEMORY_H 1
#define HAVE_STRINGS_H 1
#define HAVE_INTTYPES_H 1
#define HAVE_STDINT_H 1
#define HAVE_UNISTD_H 1
#define HAVE_DLFCN_H 1
#define LT_OBJDIR ".libs/"
#define HAVE_LIBM 1
#define HAVE_SYS_TIME_H 1
#define HAVE_GETTIMEOFDAY 1

configure: exit 0
