This file contains any messages produced by compilers while
running configure, to aid debugging if configure makes a mistake.

It was created by Cbc configure 2.8.12, which was
generated by GNU Autoconf 2.59.  Invocation command line was

  $ ./pgCbc/Cbc-2.8.12/configure install

## --------- ##
## Platform. ##
## --------- ##

hostname = laurynasHP
uname -m = x86_64
uname -r = 3.13.0-35-generic
uname -s = Linux
uname -v = #62-Ubuntu SMP Fri Aug 15 01:58:42 UTC 2014

/usr/bin/uname -p = unknown
/bin/uname -X     = unknown

/bin/arch              = unknown
/usr/bin/arch -k       = unknown
/usr/convex/getsysinfo = unknown
hostinfo               = unknown
/bin/machine           = unknown
/usr/bin/oslevel       = unknown
/bin/universe          = unknown

PATH: /usr/local/sbin
PATH: /usr/local/bin
PATH: /usr/sbin
PATH: /usr/bin
PATH: /sbin
PATH: /bin
PATH: /usr/games
PATH: /usr/local/games
PATH: /usr/local/pgsql/bin
PATH: /usr/local/pgsql/bin
PATH: /usr/local/pgsql/bin


## ----------- ##
## Core tests. ##
## ----------- ##

configure:1736: checking build system type
configure:1749: error: /bin/bash ./pgCbc/Cbc-2.8.12/config.sub install failed

## ---------------- ##
## Cache variables. ##
## ---------------- ##

ac_cv_build=
ac_cv_build_alias=install
ac_cv_env_ADD_CFLAGS_set=
ac_cv_env_ADD_CFLAGS_value=
ac_cv_env_ADD_CXXFLAGS_set=
ac_cv_env_ADD_CXXFLAGS_value=
ac_cv_env_ADD_FFLAGS_set=
ac_cv_env_ADD_FFLAGS_value=
ac_cv_env_CC_set=
ac_cv_env_CC_value=
ac_cv_env_CDEFS_set=
ac_cv_env_CDEFS_value=
ac_cv_env_CFLAGS_set=
ac_cv_env_CFLAGS_value=
ac_cv_env_COIN_SKIP_PROJECTS_set=
ac_cv_env_COIN_SKIP_PROJECTS_value=
ac_cv_env_CPPFLAGS_set=
ac_cv_env_CPPFLAGS_value=
ac_cv_env_CPP_set=
ac_cv_env_CPP_value=
ac_cv_env_CXXCPP_set=
ac_cv_env_CXXCPP_value=
ac_cv_env_CXXDEFS_set=
ac_cv_env_CXXDEFS_value=
ac_cv_env_CXXFLAGS_set=
ac_cv_env_CXXFLAGS_value=
ac_cv_env_CXX_set=
ac_cv_env_CXX_value=
ac_cv_env_DBG_CFLAGS_set=
ac_cv_env_DBG_CFLAGS_value=
ac_cv_env_DBG_CXXFLAGS_set=
ac_cv_env_DBG_CXXFLAGS_value=
ac_cv_env_DBG_FFLAGS_set=
ac_cv_env_DBG_FFLAGS_value=
ac_cv_env_F77_set=
ac_cv_env_F77_value=
ac_cv_env_FFLAGS_set=
ac_cv_env_FFLAGS_value=
ac_cv_env_LDFLAGS_set=
ac_cv_env_LDFLAGS_value=
ac_cv_env_MPICC_set=
ac_cv_env_MPICC_value=
ac_cv_env_MPICXX_set=
ac_cv_env_MPICXX_value=
ac_cv_env_MPIF77_set=
ac_cv_env_MPIF77_value=
ac_cv_env_OPT_CFLAGS_set=
ac_cv_env_OPT_CFLAGS_value=
ac_cv_env_OPT_CXXFLAGS_set=
ac_cv_env_OPT_CXXFLAGS_value=
ac_cv_env_OPT_FFLAGS_set=
ac_cv_env_OPT_FFLAGS_value=
ac_cv_env_build_alias_set=set
ac_cv_env_build_alias_value=install
ac_cv_env_host_alias_set=set
ac_cv_env_host_alias_value=install
ac_cv_env_target_alias_set=set
ac_cv_env_target_alias_value=install

## ----------------- ##
## Output variables. ##
## ----------------- ##

ABSBUILDDIR=''
ACLOCAL=''
ADD_CFLAGS=''
ADD_CXXFLAGS=''
ADD_FFLAGS=''
AMDEPBACKSLASH=''
AMDEP_FALSE=''
AMDEP_TRUE=''
AMTAR=''
AR=''
AUTOCONF=''
AUTOHEADER=''
AUTOMAKE=''
AUX_DIR=''
AWK=''
BUILDTOOLSDIR=''
CC=''
CCDEPMODE=''
CDEFS=''
CFLAGS=''
COIN_CC_IS_CL_FALSE=''
COIN_CC_IS_CL_TRUE=''
COIN_CXX_IS_CL_FALSE=''
COIN_CXX_IS_CL_TRUE=''
COIN_SKIP_PROJECTS=''
CPP=''
CPPFLAGS=''
CXX=''
CXXCPP=''
CXXDEFS=''
CXXDEPMODE=''
CXXFLAGS=''
CYGPATH_W=''
DBG_CFLAGS=''
DBG_CXXFLAGS=''
DBG_FFLAGS=''
DEFS=''
DEPDIR=''
DEPENDENCY_LINKING_FALSE=''
DEPENDENCY_LINKING_TRUE=''
ECHO='echo'
ECHO_C=''
ECHO_N='-n'
ECHO_T=''
EGREP=''
EXEEXT=''
F77=''
FFLAGS=''
HAVE_EXTERNALS_FALSE=''
HAVE_EXTERNALS_TRUE=''
INSTALL_DATA=''
INSTALL_PROGRAM=''
INSTALL_SCRIPT=''
INSTALL_STRIP_PROGRAM=''
LDFLAGS=''
LIBEXT=''
LIBOBJS=''
LIBS=''
LIBTOOL=''
LIBTOOLM4=''
LN_S=''
LTLIBOBJS=''
LT_LDFLAGS=''
MAINT=''
MAINTAINER_MODE_FALSE=''
MAINTAINER_MODE_TRUE=''
MAKEINFO=''
MPICC=''
MPICXX=''
MPIF77=''
OBJEXT=''
OPT_CFLAGS=''
OPT_CXXFLAGS=''
OPT_FFLAGS=''
PACKAGE=''
PACKAGE_BUGREPORT='cbc@lists.coin-or.org'
PACKAGE_NAME='Cbc'
PACKAGE_STRING='Cbc 2.8.12'
PACKAGE_TARNAME='cbc'
PACKAGE_VERSION='2.8.12'
PATH_SEPARATOR=':'
RANLIB=''
RPATH_FLAGS=''
SET_MAKE=''
SHELL='/bin/bash'
STRIP=''
VERSION=''
VPATH_DISTCLEANFILES=''
abs_bin_dir=''
abs_include_dir=''
abs_lib_dir=''
abs_source_dir=''
ac_c_preproc_warn_flag=''
ac_ct_AR=''
ac_ct_CC=''
ac_ct_CXX=''
ac_ct_F77=''
ac_ct_RANLIB=''
ac_ct_STRIP=''
ac_cxx_preproc_warn_flag=''
am__fastdepCC_FALSE=''
am__fastdepCC_TRUE=''
am__fastdepCXX_FALSE=''
am__fastdepCXX_TRUE=''
am__include=''
am__leading_dot=''
am__quote=''
am__tar=''
am__untar=''
bindir='${exec_prefix}/bin'
build='install'
build_alias='install'
build_cpu=''
build_os=''
build_vendor=''
coin_doxy_excludes=''
coin_doxy_logname=''
coin_doxy_tagfiles=''
coin_doxy_tagname=''
coin_doxy_usedot=''
coin_have_doxygen=''
datadir='${prefix}/share'
exec_prefix='NONE'
have_autoconf=''
have_automake=''
have_svn=''
host='install'
host_alias='install'
host_cpu=''
host_os=''
host_vendor=''
includedir='${prefix}/include'
infodir='${prefix}/info'
install_sh=''
libdir='${exec_prefix}/lib'
libexecdir='${exec_prefix}/libexec'
localstatedir='${prefix}/var'
mandir='${prefix}/man'
mkdir_p=''
oldincludedir='/usr/include'
prefix='NONE'
program_transform_name='s,x,x,'
sbindir='${exec_prefix}/sbin'
sharedstatedir='${prefix}/com'
sol_cc_compiler=''
subdirs=''
sysconfdir='${prefix}/etc'
target_alias='install'

## ----------- ##
## confdefs.h. ##
## ----------- ##

#define PACKAGE_BUGREPORT "cbc@lists.coin-or.org"
#define PACKAGE_NAME "Cbc"
#define PACKAGE_STRING "Cbc 2.8.12"
#define PACKAGE_TARNAME "cbc"
#define PACKAGE_VERSION "2.8.12"

configure: exit 1
