This file contains any messages produced by compilers while
running configure, to aid debugging if configure makes a mistake.

It was created by Cbc configure 2.9.4, which was
generated by GNU Autoconf 2.59.  Invocation command line was

  $ ./configure CPPFLAGS=-fpic -DCOIN_NOTEST_DUPLICATE --enable-static --without-lapack --disable-bzlib

## --------- ##
## Platform. ##
## --------- ##

hostname = laurynas-VirtualBox
uname -m = x86_64
uname -r = 3.13.0-170-generic
uname -s = Linux
uname -v = #220-Ubuntu SMP Thu May 9 12:40:49 UTC 2019

/usr/bin/uname -p = unknown
/bin/uname -X     = unknown

/bin/arch              = unknown
/usr/bin/arch -k       = unknown
/usr/convex/getsysinfo = unknown
hostinfo               = unknown
/bin/machine           = unknown
/usr/bin/oslevel       = unknown
/bin/universe          = unknown

PATH: /usr/local/pgsql/bin
PATH: /usr/local/pgsql/bin
PATH: /usr/local/pgsql/bin
PATH: /usr/local/sbin
PATH: /usr/local/bin
PATH: /usr/sbin
PATH: /usr/bin
PATH: /sbin
PATH: /bin
PATH: /usr/games
PATH: /usr/local/games
PATH: /usr/local/pgsql/bin
PATH: /usr/local/pgsql/bin/


## ----------- ##
## Core tests. ##
## ----------- ##

configure:1739: checking build system type
configure:1757: result: x86_64-unknown-linux-gnu
configure:1768: checking whether we want to compile in debug mode
configure:1797: result: no
configure:2013: checking for gcc
configure:2029: found /usr/bin/gcc
configure:2039: result: gcc
configure:2060: checking for C compiler version
configure:2063: gcc --version </dev/null >&5
gcc (Ubuntu 4.8.4-2ubuntu1~14.04.4) 4.8.4
Copyright (C) 2013 Free Software Foundation, Inc.
This is free software; see the source for copying conditions.  There is NO
warranty; not even for MERCHANTABILITY or FITNESS FOR A PARTICULAR PURPOSE.

configure:2066: $? = 0
configure:2068: gcc -v </dev/null >&5
Using built-in specs.
COLLECT_GCC=gcc
COLLECT_LTO_WRAPPER=/usr/lib/gcc/x86_64-linux-gnu/4.8/lto-wrapper
Target: x86_64-linux-gnu
Configured with: ../src/configure -v --with-pkgversion='Ubuntu 4.8.4-2ubuntu1~14.04.4' --with-bugurl=file:///usr/share/doc/gcc-4.8/README.Bugs --enable-languages=c,c++,java,go,d,fortran,objc,obj-c++ --prefix=/usr --program-suffix=-4.8 --enable-shared --enable-linker-build-id --libexecdir=/usr/lib --without-included-gettext --enable-threads=posix --with-gxx-include-dir=/usr/include/c++/4.8 --libdir=/usr/lib --enable-nls --with-sysroot=/ --enable-clocale=gnu --enable-libstdcxx-debug --enable-libstdcxx-time=yes --enable-gnu-unique-object --disable-libmudflap --enable-plugin --with-system-zlib --disable-browser-plugin --enable-java-awt=gtk --enable-gtk-cairo --with-java-home=/usr/lib/jvm/java-1.5.0-gcj-4.8-amd64/jre --enable-java-home --with-jvm-root-dir=/usr/lib/jvm/java-1.5.0-gcj-4.8-amd64 --with-jvm-jar-dir=/usr/lib/jvm-exports/java-1.5.0-gcj-4.8-amd64 --with-arch-directory=amd64 --with-ecj-jar=/usr/share/java/eclipse-ecj.jar --enable-objc-gc --enable-multiarch --disable-werror --with-arch-32=i686 --with-abi=m64 --with-multilib-list=m32,m64,mx32 --with-tune=generic --enable-checking=release --build=x86_64-linux-gnu --host=x86_64-linux-gnu --target=x86_64-linux-gnu
Thread model: posix
gcc version 4.8.4 (Ubuntu 4.8.4-2ubuntu1~14.04.4) 
configure:2071: $? = 0
configure:2073: gcc -V </dev/null >&5
gcc: error: unrecognized command line option '-V'
gcc: fatal error: no input files
compilation terminated.
configure:2076: $? = 4
configure:2099: checking for C compiler default output file name
configure:2102: gcc  -fpic -DCOIN_NOTEST_DUPLICATE  conftest.c  >&5
configure:2105: $? = 0
configure:2151: result: a.out
configure:2156: checking whether the C compiler works
configure:2162: ./a.out
configure:2165: $? = 0
configure:2182: result: yes
configure:2189: checking whether we are cross compiling
configure:2191: result: no
configure:2194: checking for suffix of executables
configure:2196: gcc -o conftest  -fpic -DCOIN_NOTEST_DUPLICATE  conftest.c  >&5
configure:2199: $? = 0
configure:2224: result: 
configure:2230: checking for suffix of object files
configure:2251: gcc -c  -fpic -DCOIN_NOTEST_DUPLICATE conftest.c >&5
configure:2254: $? = 0
configure:2276: result: o
configure:2280: checking whether we are using the GNU C compiler
configure:2304: gcc -c  -fpic -DCOIN_NOTEST_DUPLICATE conftest.c >&5
configure:2310: $? = 0
configure:2314: test -z 
			 || test ! -s conftest.err
configure:2317: $? = 0
configure:2320: test -s conftest.o
configure:2323: $? = 0
configure:2336: result: yes
configure:2342: checking whether gcc accepts -g
configure:2363: gcc -c -g -fpic -DCOIN_NOTEST_DUPLICATE conftest.c >&5
configure:2369: $? = 0
configure:2373: test -z 
			 || test ! -s conftest.err
configure:2376: $? = 0
configure:2379: test -s conftest.o
configure:2382: $? = 0
configure:2393: result: yes
configure:2410: checking for gcc option to accept ANSI C
configure:2480: gcc  -c -g -O2 -fpic -DCOIN_NOTEST_DUPLICATE conftest.c >&5
configure:2486: $? = 0
configure:2490: test -z 
			 || test ! -s conftest.err
configure:2493: $? = 0
configure:2496: test -s conftest.o
configure:2499: $? = 0
configure:2517: result: none needed
configure:2535: gcc -c -g -O2 -fpic -DCOIN_NOTEST_DUPLICATE conftest.c >&5
conftest.c:2:3: error: unknown type name 'choke'
   choke me
   ^
conftest.c:2:3: error: expected '=', ',', ';', 'asm' or '__attribute__' at end of input
configure:2541: $? = 1
configure: failed program was:
| #ifndef __cplusplus
|   choke me
| #endif
configure:2969: gcc -o conftest -O3 -pipe -DNDEBUG -pedantic-errors -Wimplicit -Wparentheses -Wsequence-point -Wreturn-type -Wcast-qual -Wall -Wno-unknown-pragmas -Wno-long-long   -fpic -DCOIN_NOTEST_DUPLICATE  conftest.c  >&5
configure:2975: $? = 0
configure:2979: test -z 
			 || test ! -s conftest.err
configure:2982: $? = 0
configure:2985: test -s conftest
configure:2988: $? = 0
configure:3055: C compiler options are: -O3 -pipe -DNDEBUG -pedantic-errors -Wimplicit -Wparentheses -Wsequence-point -Wreturn-type -Wcast-qual -Wall -Wno-unknown-pragmas -Wno-long-long  
configure:3172: checking for g++
configure:3188: found /usr/bin/g++
configure:3198: result: g++
configure:3214: checking for C++ compiler version
configure:3217: g++ --version </dev/null >&5
g++ (Ubuntu 4.8.4-2ubuntu1~14.04.4) 4.8.4
Copyright (C) 2013 Free Software Foundation, Inc.
This is free software; see the source for copying conditions.  There is NO
warranty; not even for MERCHANTABILITY or FITNESS FOR A PARTICULAR PURPOSE.

configure:3220: $? = 0
configure:3222: g++ -v </dev/null >&5
Using built-in specs.
COLLECT_GCC=g++
COLLECT_LTO_WRAPPER=/usr/lib/gcc/x86_64-linux-gnu/4.8/lto-wrapper
Target: x86_64-linux-gnu
Configured with: ../src/configure -v --with-pkgversion='Ubuntu 4.8.4-2ubuntu1~14.04.4' --with-bugurl=file:///usr/share/doc/gcc-4.8/README.Bugs --enable-languages=c,c++,java,go,d,fortran,objc,obj-c++ --prefix=/usr --program-suffix=-4.8 --enable-shared --enable-linker-build-id --libexecdir=/usr/lib --without-included-gettext --enable-threads=posix --with-gxx-include-dir=/usr/include/c++/4.8 --libdir=/usr/lib --enable-nls --with-sysroot=/ --enable-clocale=gnu --enable-libstdcxx-debug --enable-libstdcxx-time=yes --enable-gnu-unique-object --disable-libmudflap --enable-plugin --with-system-zlib --disable-browser-plugin --enable-java-awt=gtk --enable-gtk-cairo --with-java-home=/usr/lib/jvm/java-1.5.0-gcj-4.8-amd64/jre --enable-java-home --with-jvm-root-dir=/usr/lib/jvm/java-1.5.0-gcj-4.8-amd64 --with-jvm-jar-dir=/usr/lib/jvm-exports/java-1.5.0-gcj-4.8-amd64 --with-arch-directory=amd64 --with-ecj-jar=/usr/share/java/eclipse-ecj.jar --enable-objc-gc --enable-multiarch --disable-werror --with-arch-32=i686 --with-abi=m64 --with-multilib-list=m32,m64,mx32 --with-tune=generic --enable-checking=release --build=x86_64-linux-gnu --host=x86_64-linux-gnu --target=x86_64-linux-gnu
Thread model: posix
gcc version 4.8.4 (Ubuntu 4.8.4-2ubuntu1~14.04.4) 
configure:3225: $? = 0
configure:3227: g++ -V </dev/null >&5
g++: error: unrecognized command line option '-V'
g++: fatal error: no input files
compilation terminated.
configure:3230: $? = 4
configure:3233: checking whether we are using the GNU C++ compiler
configure:3257: g++ -c  -fpic -DCOIN_NOTEST_DUPLICATE conftest.cc >&5
configure:3263: $? = 0
configure:3267: test -z 
			 || test ! -s conftest.err
configure:3270: $? = 0
configure:3273: test -s conftest.o
configure:3276: $? = 0
configure:3289: result: yes
configure:3295: checking whether g++ accepts -g
configure:3316: g++ -c -g -fpic -DCOIN_NOTEST_DUPLICATE conftest.cc >&5
configure:3322: $? = 0
configure:3326: test -z 
			 || test ! -s conftest.err
configure:3329: $? = 0
configure:3332: test -s conftest.o
configure:3335: $? = 0
configure:3346: result: yes
configure:3388: g++ -c -g -O2 -fpic -DCOIN_NOTEST_DUPLICATE conftest.cc >&5
configure:3394: $? = 0
configure:3398: test -z 
			 || test ! -s conftest.err
configure:3401: $? = 0
configure:3404: test -s conftest.o
configure:3407: $? = 0
configure:3433: g++ -c -g -O2 -fpic -DCOIN_NOTEST_DUPLICATE conftest.cc >&5
conftest.cc: In function 'int main()':
conftest.cc:13:9: error: 'exit' was not declared in this scope
 exit (42);
         ^
configure:3439: $? = 1
configure: failed program was:
| /* confdefs.h.  */
| 
| #define PACKAGE_NAME "Cbc"
| #define PACKAGE_TARNAME "cbc"
| #define PACKAGE_VERSION "2.9.4"
| #define PACKAGE_STRING "Cbc 2.9.4"
| #define PACKAGE_BUGREPORT "cbc@lists.coin-or.org"
| /* end confdefs.h.  */
| 
| int
| main ()
| {
| exit (42);
|   ;
|   return 0;
| }
configure:3388: g++ -c -g -O2 -fpic -DCOIN_NOTEST_DUPLICATE conftest.cc >&5
conftest.cc:9:40: error: 'void std::exit(int)' should have been declared inside 'std'
 extern "C" void std::exit (int) throw (); using std::exit;
                                        ^
configure:3394: $? = 1
configure: failed program was:
| /* confdefs.h.  */
| 
| #define PACKAGE_NAME "Cbc"
| #define PACKAGE_TARNAME "cbc"
| #define PACKAGE_VERSION "2.9.4"
| #define PACKAGE_STRING "Cbc 2.9.4"
| #define PACKAGE_BUGREPORT "cbc@lists.coin-or.org"
| /* end confdefs.h.  */
| extern "C" void std::exit (int) throw (); using std::exit;
| #include <stdlib.h>
| int
| main ()
| {
| exit (42);
|   ;
|   return 0;
| }
configure:3388: g++ -c -g -O2 -fpic -DCOIN_NOTEST_DUPLICATE conftest.cc >&5
conftest.cc:9:31: error: 'void std::exit(int)' should have been declared inside 'std'
 extern "C" void std::exit (int); using std::exit;
                               ^
In file included from conftest.cc:10:0:
/usr/include/stdlib.h:543:70: error: declaration of 'void std::exit(int) throw ()' has a different exception specifier
 extern void exit (int __status) __THROW __attribute__ ((__noreturn__));
                                                                      ^
conftest.cc:9:17: error: from previous declaration 'void std::exit(int)'
 extern "C" void std::exit (int); using std::exit;
                 ^
configure:3394: $? = 1
configure: failed program was:
| /* confdefs.h.  */
| 
| #define PACKAGE_NAME "Cbc"
| #define PACKAGE_TARNAME "cbc"
| #define PACKAGE_VERSION "2.9.4"
| #define PACKAGE_STRING "Cbc 2.9.4"
| #define PACKAGE_BUGREPORT "cbc@lists.coin-or.org"
| /* end confdefs.h.  */
| extern "C" void std::exit (int); using std::exit;
| #include <stdlib.h>
| int
| main ()
| {
| exit (42);
|   ;
|   return 0;
| }
configure:3388: g++ -c -g -O2 -fpic -DCOIN_NOTEST_DUPLICATE conftest.cc >&5
configure:3394: $? = 0
configure:3398: test -z 
			 || test ! -s conftest.err
configure:3401: $? = 0
configure:3404: test -s conftest.o
configure:3407: $? = 0
configure:3433: g++ -c -g -O2 -fpic -DCOIN_NOTEST_DUPLICATE conftest.cc >&5
configure:3439: $? = 0
configure:3443: test -z 
			 || test ! -s conftest.err
configure:3446: $? = 0
configure:3449: test -s conftest.o
configure:3452: $? = 0
configure:3484: checking whether C++ compiler g++ works
configure:3502: g++ -c -g -O2 -fpic -DCOIN_NOTEST_DUPLICATE conftest.cc >&5
configure:3508: $? = 0
configure:3512: test -z 
			 || test ! -s conftest.err
configure:3515: $? = 0
configure:3518: test -s conftest.o
configure:3521: $? = 0
configure:3523: result: yes
configure:3851: g++ -o conftest -O3 -pipe -DNDEBUG -pedantic-errors -Wparentheses -Wreturn-type -Wcast-qual -Wall -Wpointer-arith -Wwrite-strings -Wconversion -Wno-unknown-pragmas -Wno-long-long   -fpic -DCOIN_NOTEST_DUPLICATE  conftest.cc  >&5
configure:3857: $? = 0
configure:3861: test -z 
			 || test ! -s conftest.err
configure:3864: $? = 0
configure:3867: test -s conftest
configure:3870: $? = 0
configure:3937: C++ compiler options are: -O3 -pipe -DNDEBUG -pedantic-errors -Wparentheses -Wreturn-type -Wcast-qual -Wall -Wpointer-arith -Wwrite-strings -Wconversion -Wno-unknown-pragmas -Wno-long-long  
configure:4008: Trying to determine Fortran compiler name
configure:4057: checking for gfortran
configure:4086: result: no
configure:4057: checking for ifort
configure:4086: result: no
configure:4057: checking for g95
configure:4086: result: no
configure:4057: checking for fort77
configure:4086: result: no
configure:4057: checking for f77
configure:4086: result: no
configure:4057: checking for g77
configure:4086: result: no
configure:4057: checking for pgf90
configure:4086: result: no
configure:4057: checking for pgf77
configure:4086: result: no
configure:4057: checking for ifc
configure:4086: result: no
configure:4057: checking for frt
configure:4086: result: no
configure:4057: checking for af77
configure:4086: result: no
configure:4057: checking for xlf_r
configure:4086: result: no
configure:4335: WARNING: Failed to find a Fortran compiler!
configure:4622: Fortran compiler options are:  
configure:4741: checking for egrep
configure:4751: result: grep -E
configure:4756: checking whether ln -s works
configure:4760: result: yes
configure:4781: checking for a BSD-compatible install
configure:4836: result: /usr/bin/install -c
configure:4847: checking whether build environment is sane
configure:4890: result: yes
configure:4955: checking for gawk
configure:4984: result: no
configure:4955: checking for mawk
configure:4971: found /usr/bin/mawk
configure:4981: result: mawk
configure:4991: checking whether make sets $(MAKE)
configure:5011: result: yes
configure:5041: checking for style of include used by make
configure:5069: result: GNU
configure:5250: checking dependency style of gcc
configure:5340: result: gcc3
configure:5359: checking dependency style of g++
configure:5449: result: gcc3
configure:5467: checking whether to enable maintainer-specific portions of Makefiles
configure:5476: result: no
configure:5926: checking host system type
configure:5940: result: x86_64-unknown-linux-gnu
configure:5948: checking for a sed that does not truncate output
configure:6002: result: /bin/sed
configure:6016: checking for ld used by gcc
configure:6083: result: /usr/bin/ld
configure:6092: checking if the linker (/usr/bin/ld) is GNU ld
configure:6107: result: yes
configure:6112: checking for /usr/bin/ld option to reload object files
configure:6119: result: -r
configure:6137: checking for BSD-compatible nm
configure:6186: result: /usr/bin/nm -B
configure:6190: checking how to recognise dependent libraries
configure:6366: result: pass_all
configure:6453: gcc -c -O3 -pipe -DNDEBUG -pedantic-errors -Wimplicit -Wparentheses -Wsequence-point -Wreturn-type -Wcast-qual -Wall -Wno-unknown-pragmas -Wno-long-long   -fpic -DCOIN_NOTEST_DUPLICATE conftest.c >&5
configure:6456: $? = 0
configure:6602: checking how to run the C preprocessor
configure:6637: gcc -E -fpic -DCOIN_NOTEST_DUPLICATE conftest.c
configure:6643: $? = 0
configure:6675: gcc -E -fpic -DCOIN_NOTEST_DUPLICATE conftest.c
conftest.c:14:28: fatal error: ac_nonexistent.h: No such file or directory
 #include <ac_nonexistent.h>
                            ^
compilation terminated.
configure:6681: $? = 1
configure: failed program was:
| /* confdefs.h.  */
| 
| #define PACKAGE_NAME "Cbc"
| #define PACKAGE_TARNAME "cbc"
| #define PACKAGE_VERSION "2.9.4"
| #define PACKAGE_STRING "Cbc 2.9.4"
| #define PACKAGE_BUGREPORT "cbc@lists.coin-or.org"
| #ifdef __cplusplus
| extern "C" void exit (int) throw ();
| #endif
| #define PACKAGE "cbc"
| #define VERSION "2.9.4"
| /* end confdefs.h.  */
| #include <ac_nonexistent.h>
configure:6720: result: gcc -E
configure:6744: gcc -E -fpic -DCOIN_NOTEST_DUPLICATE conftest.c
configure:6750: $? = 0
configure:6782: gcc -E -fpic -DCOIN_NOTEST_DUPLICATE conftest.c
conftest.c:14:28: fatal error: ac_nonexistent.h: No such file or directory
 #include <ac_nonexistent.h>
                            ^
compilation terminated.
configure:6788: $? = 1
configure: failed program was:
| /* confdefs.h.  */
| 
| #define PACKAGE_NAME "Cbc"
| #define PACKAGE_TARNAME "cbc"
| #define PACKAGE_VERSION "2.9.4"
| #define PACKAGE_STRING "Cbc 2.9.4"
| #define PACKAGE_BUGREPORT "cbc@lists.coin-or.org"
| #ifdef __cplusplus
| extern "C" void exit (int) throw ();
| #endif
| #define PACKAGE "cbc"
| #define VERSION "2.9.4"
| /* end confdefs.h.  */
| #include <ac_nonexistent.h>
configure:6832: checking for ANSI C header files
configure:6857: gcc -c -O3 -pipe -DNDEBUG -pedantic-errors -Wimplicit -Wparentheses -Wsequence-point -Wreturn-type -Wcast-qual -Wall -Wno-unknown-pragmas -Wno-long-long   -fpic -DCOIN_NOTEST_DUPLICATE conftest.c >&5
configure:6863: $? = 0
configure:6867: test -z 
			 || test ! -s conftest.err
configure:6870: $? = 0
configure:6873: test -s conftest.o
configure:6876: $? = 0
configure:6965: gcc -o conftest -O3 -pipe -DNDEBUG -pedantic-errors -Wimplicit -Wparentheses -Wsequence-point -Wreturn-type -Wcast-qual -Wall -Wno-unknown-pragmas -Wno-long-long   -fpic -DCOIN_NOTEST_DUPLICATE  conftest.c  >&5
conftest.c: In function 'main':
conftest.c:31:7: warning: implicit declaration of function 'exit' [-Wimplicit-function-declaration]
       exit(2);
       ^
conftest.c:31:7: warning: incompatible implicit declaration of built-in function 'exit' [enabled by default]
configure:6968: $? = 0
configure:6970: ./conftest
configure:6973: $? = 0
configure:6988: result: yes
configure:7012: checking for sys/types.h
configure:7028: gcc -c -O3 -pipe -DNDEBUG -pedantic-errors -Wimplicit -Wparentheses -Wsequence-point -Wreturn-type -Wcast-qual -Wall -Wno-unknown-pragmas -Wno-long-long   -fpic -DCOIN_NOTEST_DUPLICATE conftest.c >&5
configure:7034: $? = 0
configure:7038: test -z 
			 || test ! -s conftest.err
configure:7041: $? = 0
configure:7044: test -s conftest.o
configure:7047: $? = 0
configure:7058: result: yes
configure:7012: checking for sys/stat.h
configure:7028: gcc -c -O3 -pipe -DNDEBUG -pedantic-errors -Wimplicit -Wparentheses -Wsequence-point -Wreturn-type -Wcast-qual -Wall -Wno-unknown-pragmas -Wno-long-long   -fpic -DCOIN_NOTEST_DUPLICATE conftest.c >&5
configure:7034: $? = 0
configure:7038: test -z 
			 || test ! -s conftest.err
configure:7041: $? = 0
configure:7044: test -s conftest.o
configure:7047: $? = 0
configure:7058: result: yes
configure:7012: checking for stdlib.h
configure:7028: gcc -c -O3 -pipe -DNDEBUG -pedantic-errors -Wimplicit -Wparentheses -Wsequence-point -Wreturn-type -Wcast-qual -Wall -Wno-unknown-pragmas -Wno-long-long   -fpic -DCOIN_NOTEST_DUPLICATE conftest.c >&5
configure:7034: $? = 0
configure:7038: test -z 
			 || test ! -s conftest.err
configure:7041: $? = 0
configure:7044: test -s conftest.o
configure:7047: $? = 0
configure:7058: result: yes
configure:7012: checking for string.h
configure:7028: gcc -c -O3 -pipe -DNDEBUG -pedantic-errors -Wimplicit -Wparentheses -Wsequence-point -Wreturn-type -Wcast-qual -Wall -Wno-unknown-pragmas -Wno-long-long   -fpic -DCOIN_NOTEST_DUPLICATE conftest.c >&5
configure:7034: $? = 0
configure:7038: test -z 
			 || test ! -s conftest.err
configure:7041: $? = 0
configure:7044: test -s conftest.o
configure:7047: $? = 0
configure:7058: result: yes
configure:7012: checking for memory.h
configure:7028: gcc -c -O3 -pipe -DNDEBUG -pedantic-errors -Wimplicit -Wparentheses -Wsequence-point -Wreturn-type -Wcast-qual -Wall -Wno-unknown-pragmas -Wno-long-long   -fpic -DCOIN_NOTEST_DUPLICATE conftest.c >&5
configure:7034: $? = 0
configure:7038: test -z 
			 || test ! -s conftest.err
configure:7041: $? = 0
configure:7044: test -s conftest.o
configure:7047: $? = 0
configure:7058: result: yes
configure:7012: checking for strings.h
configure:7028: gcc -c -O3 -pipe -DNDEBUG -pedantic-errors -Wimplicit -Wparentheses -Wsequence-point -Wreturn-type -Wcast-qual -Wall -Wno-unknown-pragmas -Wno-long-long   -fpic -DCOIN_NOTEST_DUPLICATE conftest.c >&5
configure:7034: $? = 0
configure:7038: test -z 
			 || test ! -s conftest.err
configure:7041: $? = 0
configure:7044: test -s conftest.o
configure:7047: $? = 0
configure:7058: result: yes
configure:7012: checking for inttypes.h
configure:7028: gcc -c -O3 -pipe -DNDEBUG -pedantic-errors -Wimplicit -Wparentheses -Wsequence-point -Wreturn-type -Wcast-qual -Wall -Wno-unknown-pragmas -Wno-long-long   -fpic -DCOIN_NOTEST_DUPLICATE conftest.c >&5
configure:7034: $? = 0
configure:7038: test -z 
			 || test ! -s conftest.err
configure:7041: $? = 0
configure:7044: test -s conftest.o
configure:7047: $? = 0
configure:7058: result: yes
configure:7012: checking for stdint.h
configure:7028: gcc -c -O3 -pipe -DNDEBUG -pedantic-errors -Wimplicit -Wparentheses -Wsequence-point -Wreturn-type -Wcast-qual -Wall -Wno-unknown-pragmas -Wno-long-long   -fpic -DCOIN_NOTEST_DUPLICATE conftest.c >&5
configure:7034: $? = 0
configure:7038: test -z 
			 || test ! -s conftest.err
configure:7041: $? = 0
configure:7044: test -s conftest.o
configure:7047: $? = 0
configure:7058: result: yes
configure:7012: checking for unistd.h
configure:7028: gcc -c -O3 -pipe -DNDEBUG -pedantic-errors -Wimplicit -Wparentheses -Wsequence-point -Wreturn-type -Wcast-qual -Wall -Wno-unknown-pragmas -Wno-long-long   -fpic -DCOIN_NOTEST_DUPLICATE conftest.c >&5
configure:7034: $? = 0
configure:7038: test -z 
			 || test ! -s conftest.err
configure:7041: $? = 0
configure:7044: test -s conftest.o
configure:7047: $? = 0
configure:7058: result: yes
configure:7084: checking dlfcn.h usability
configure:7096: gcc -c -O3 -pipe -DNDEBUG -pedantic-errors -Wimplicit -Wparentheses -Wsequence-point -Wreturn-type -Wcast-qual -Wall -Wno-unknown-pragmas -Wno-long-long   -fpic -DCOIN_NOTEST_DUPLICATE conftest.c >&5
configure:7102: $? = 0
configure:7106: test -z 
			 || test ! -s conftest.err
configure:7109: $? = 0
configure:7112: test -s conftest.o
configure:7115: $? = 0
configure:7125: result: yes
configure:7129: checking dlfcn.h presence
configure:7139: gcc -E -fpic -DCOIN_NOTEST_DUPLICATE conftest.c
configure:7145: $? = 0
configure:7165: result: yes
configure:7200: checking for dlfcn.h
configure:7207: result: yes
configure:7230: checking how to run the C++ preprocessor
configure:7261: g++ -E -fpic -DCOIN_NOTEST_DUPLICATE conftest.cc
configure:7267: $? = 0
configure:7299: g++ -E -fpic -DCOIN_NOTEST_DUPLICATE conftest.cc
conftest.cc:25:28: fatal error: ac_nonexistent.h: No such file or directory
 #include <ac_nonexistent.h>
                            ^
compilation terminated.
configure:7305: $? = 1
configure: failed program was:
| /* confdefs.h.  */
| 
| #define PACKAGE_NAME "Cbc"
| #define PACKAGE_TARNAME "cbc"
| #define PACKAGE_VERSION "2.9.4"
| #define PACKAGE_STRING "Cbc 2.9.4"
| #define PACKAGE_BUGREPORT "cbc@lists.coin-or.org"
| #ifdef __cplusplus
| extern "C" void exit (int) throw ();
| #endif
| #define PACKAGE "cbc"
| #define VERSION "2.9.4"
| #define STDC_HEADERS 1
| #define HAVE_SYS_TYPES_H 1
| #define HAVE_SYS_STAT_H 1
| #define HAVE_STDLIB_H 1
| #define HAVE_STRING_H 1
| #define HAVE_MEMORY_H 1
| #define HAVE_STRINGS_H 1
| #define HAVE_INTTYPES_H 1
| #define HAVE_STDINT_H 1
| #define HAVE_UNISTD_H 1
| #define HAVE_DLFCN_H 1
| /* end confdefs.h.  */
| #include <ac_nonexistent.h>
configure:7344: result: g++ -E
configure:7368: g++ -E -fpic -DCOIN_NOTEST_DUPLICATE conftest.cc
configure:7374: $? = 0
configure:7406: g++ -E -fpic -DCOIN_NOTEST_DUPLICATE conftest.cc
conftest.cc:25:28: fatal error: ac_nonexistent.h: No such file or directory
 #include <ac_nonexistent.h>
                            ^
compilation terminated.
configure:7412: $? = 1
configure: failed program was:
| /* confdefs.h.  */
| 
| #define PACKAGE_NAME "Cbc"
| #define PACKAGE_TARNAME "cbc"
| #define PACKAGE_VERSION "2.9.4"
| #define PACKAGE_STRING "Cbc 2.9.4"
| #define PACKAGE_BUGREPORT "cbc@lists.coin-or.org"
| #ifdef __cplusplus
| extern "C" void exit (int) throw ();
| #endif
| #define PACKAGE "cbc"
| #define VERSION "2.9.4"
| #define STDC_HEADERS 1
| #define HAVE_SYS_TYPES_H 1
| #define HAVE_SYS_STAT_H 1
| #define HAVE_STDLIB_H 1
| #define HAVE_STRING_H 1
| #define HAVE_MEMORY_H 1
| #define HAVE_STRINGS_H 1
| #define HAVE_INTTYPES_H 1
| #define HAVE_STDINT_H 1
| #define HAVE_UNISTD_H 1
| #define HAVE_DLFCN_H 1
| /* end confdefs.h.  */
| #include <ac_nonexistent.h>
configure:7461: checking the maximum length of command line arguments
configure:7570: result: 32768
configure:7581: checking command to parse /usr/bin/nm -B output from gcc object
configure:7686: g++ -c -O3 -pipe -DNDEBUG -pedantic-errors -Wparentheses -Wreturn-type -Wcast-qual -Wall -Wpointer-arith -Wwrite-strings -Wconversion -Wno-unknown-pragmas -Wno-long-long   -fpic -DCOIN_NOTEST_DUPLICATE conftest.cc >&5
configure:7689: $? = 0
configure:7693: /usr/bin/nm -B conftest.o \| sed -n -e 's/^.*[ 	]\([ABCDGIRSTW][ABCDGIRSTW]*\)[ 	][ 	]*\([_A-Za-z][_A-Za-z0-9]*\)$/\1 \2 \2/p' \> conftest.nm
configure:7696: $? = 0
configure:7748: g++ -o conftest -O3 -pipe -DNDEBUG -pedantic-errors -Wparentheses -Wreturn-type -Wcast-qual -Wall -Wpointer-arith -Wwrite-strings -Wconversion -Wno-unknown-pragmas -Wno-long-long   -fpic -DCOIN_NOTEST_DUPLICATE  conftest.cc conftstm.o >&5
configure:7751: $? = 0
configure:7789: result: ok
configure:7793: checking for objdir
configure:7808: result: .libs
configure:7898: checking for ar
configure:7914: found /usr/bin/ar
configure:7925: result: ar
configure:7978: checking for ranlib
configure:7994: found /usr/bin/ranlib
configure:8005: result: ranlib
configure:8058: checking for strip
configure:8074: found /usr/bin/strip
configure:8085: result: strip
configure:8361: checking if gcc supports -fno-rtti -fno-exceptions
configure:8379: gcc -c -O3 -pipe -DNDEBUG -pedantic-errors -Wimplicit -Wparentheses -Wsequence-point -Wreturn-type -Wcast-qual -Wall -Wno-unknown-pragmas -Wno-long-long   -fpic -DCOIN_NOTEST_DUPLICATE -fno-rtti -fno-exceptions conftest.c >&5
cc1: warning: command line option '-fno-rtti' is valid for C++/ObjC++ but not for C [enabled by default]
configure:8383: $? = 0
configure:8396: result: no
configure:8411: checking for gcc option to produce PIC
configure:8621: result: -fPIC
configure:8629: checking if gcc PIC flag -fPIC works
configure:8647: gcc -c -O3 -pipe -DNDEBUG -pedantic-errors -Wimplicit -Wparentheses -Wsequence-point -Wreturn-type -Wcast-qual -Wall -Wno-unknown-pragmas -Wno-long-long   -fpic -DCOIN_NOTEST_DUPLICATE -fPIC -DPIC conftest.c >&5
configure:8651: $? = 0
configure:8664: result: yes
configure:8692: checking if gcc static flag -static works
configure:8720: result: yes
configure:8730: checking if gcc supports -c -o file.o
configure:8751: gcc -c -O3 -pipe -DNDEBUG -pedantic-errors -Wimplicit -Wparentheses -Wsequence-point -Wreturn-type -Wcast-qual -Wall -Wno-unknown-pragmas -Wno-long-long   -fpic -DCOIN_NOTEST_DUPLICATE -o out/conftest2.o conftest.c >&5
configure:8755: $? = 0
configure:8777: result: yes
configure:8803: checking whether the gcc linker (/usr/bin/ld -m elf_x86_64) supports shared libraries
configure:9761: result: yes
configure:9782: checking whether -lc should be explicitly linked in
configure:9787: gcc -c -O3 -pipe -DNDEBUG -pedantic-errors -Wimplicit -Wparentheses -Wsequence-point -Wreturn-type -Wcast-qual -Wall -Wno-unknown-pragmas -Wno-long-long   -fpic -DCOIN_NOTEST_DUPLICATE conftest.c >&5
configure:9790: $? = 0
configure:9805: gcc -shared conftest.o  -v -Wl,-soname -Wl,conftest -o conftest 2\>\&1 \| grep  -lc  \>/dev/null 2\>\&1
configure:9808: $? = 0
configure:9820: result: no
configure:9828: checking dynamic linker characteristics
configure:10416: result: GNU/Linux ld.so
configure:10425: checking how to hardcode library paths into programs
configure:10450: result: immediate
configure:10464: checking whether stripping libraries is possible
configure:10469: result: yes
configure:11303: checking if libtool supports shared libraries
configure:11305: result: yes
configure:11308: checking whether to build shared libraries
configure:11329: result: yes
configure:11332: checking whether to build static libraries
configure:11336: result: yes
configure:11428: creating libtool
configure:12016: checking for ld used by g++
configure:12083: result: /usr/bin/ld -m elf_x86_64
configure:12092: checking if the linker (/usr/bin/ld -m elf_x86_64) is GNU ld
configure:12107: result: yes
configure:12158: checking whether the g++ linker (/usr/bin/ld -m elf_x86_64) supports shared libraries
configure:13096: result: yes
configure:13118: g++ -c -O3 -pipe -DNDEBUG -pedantic-errors -Wparentheses -Wreturn-type -Wcast-qual -Wall -Wpointer-arith -Wwrite-strings -Wconversion -Wno-unknown-pragmas -Wno-long-long   -fpic -DCOIN_NOTEST_DUPLICATE conftest.cpp >&5
configure:13121: $? = 0
configure:13240: checking for g++ option to produce PIC
configure:13514: result: -fPIC
configure:13522: checking if g++ PIC flag -fPIC works
configure:13540: g++ -c -O3 -pipe -DNDEBUG -pedantic-errors -Wparentheses -Wreturn-type -Wcast-qual -Wall -Wpointer-arith -Wwrite-strings -Wconversion -Wno-unknown-pragmas -Wno-long-long   -fpic -DCOIN_NOTEST_DUPLICATE -fPIC -DPIC conftest.cpp >&5
configure:13544: $? = 0
configure:13557: result: yes
configure:13585: checking if g++ static flag -static works
configure:13613: result: yes
configure:13623: checking if g++ supports -c -o file.o
configure:13644: g++ -c -O3 -pipe -DNDEBUG -pedantic-errors -Wparentheses -Wreturn-type -Wcast-qual -Wall -Wpointer-arith -Wwrite-strings -Wconversion -Wno-unknown-pragmas -Wno-long-long   -fpic -DCOIN_NOTEST_DUPLICATE -o out/conftest2.o conftest.cpp >&5
configure:13648: $? = 0
configure:13670: result: yes
configure:13696: checking whether the g++ linker (/usr/bin/ld -m elf_x86_64) supports shared libraries
configure:13721: result: yes
configure:13788: checking dynamic linker characteristics
configure:14376: result: GNU/Linux ld.so
configure:14385: checking how to hardcode library paths into programs
configure:14410: result: immediate
configure:14936: checking if libtool supports shared libraries
configure:14938: result: yes
configure:14941: checking whether to build shared libraries
configure:14961: result: yes
configure:14964: checking whether to build static libraries
configure:14968: result: yes
configure:14978: checking for unavailable option to produce PIC
configure:15188: result: -fPIC
configure:15196: checking if unavailable PIC flag -fPIC works
configure:15214: unavailable -c   -fPIC conftest.f >&5
./configure: line 15215: unavailable: command not found
configure:15218: $? = 127
configure:15231: result: no
configure:15259: checking if unavailable static flag -static works
configure:15287: result: no
configure:15297: checking if unavailable supports -c -o file.o
configure:15318: unavailable -c   -o out/conftest2.o conftest.f >&5
./configure: line 15319: unavailable: command not found
configure:15322: $? = 127
configure:15344: result: no
configure:15370: checking whether the unavailable linker (/usr/bin/ld -m elf_x86_64) supports shared libraries
configure:16308: result: yes
configure:16375: checking dynamic linker characteristics
configure:16963: result: GNU/Linux ld.so
configure:16972: checking how to hardcode library paths into programs
configure:16997: result: immediate
configure:20583: Build is "x86_64-unknown-linux-gnu".
configure:20837: checking if library version is set
configure:20844: result: no
configure:20860: checking whether source of project ASL is available and should be compiled
configure:20969: result: no, source file ./ThirdParty/ASL/solvers/asl.h not available
configure:20984: checking whether source of project Blas is available and should be compiled
configure:21109: result: no, source file ./ThirdParty/Blas/daxpy.f not available
configure:21124: checking whether source of project Lapack is available and should be compiled
configure:21249: result: no, --without-lapack has been specified
configure:21264: checking whether source of project Glpk is available and should be compiled
configure:21373: result: no, source file ./ThirdParty/Glpk/glpk/src/glpk.h not available
configure:21388: checking whether source of project Metis is available and should be compiled
configure:21497: result: no, source file ./ThirdParty/Metis/metis-4.0/Lib/balance.c not available
configure:21512: checking whether source of project Mumps is available and should be compiled
configure:21621: result: no, source file ./ThirdParty/Mumps/MUMPS/src/dmumps_part1.F not available
configure:21636: checking whether source of project Sample is available and should be compiled
configure:21737: result: yes, source in Data/Sample
configure:21752: checking whether source of project Netlib is available and should be compiled
configure:21850: result: no
configure:21868: checking whether source of project miplib3 is available and should be compiled
configure:21969: result: yes, source in Data/miplib3
configure:21984: checking whether source of project CoinUtils is available and should be compiled
configure:22081: result: yes, source in CoinUtils
configure:22096: checking whether source of project Osi is available and should be compiled
configure:22193: result: yes, source in Osi
configure:22208: checking whether source of project Clp is available and should be compiled
configure:22305: result: yes, source in Clp
configure:22320: checking whether source of project DyLP is available and should be compiled
configure:22414: result: no
configure:22432: checking whether source of project Vol is available and should be compiled
configure:22526: result: no
configure:22544: checking whether source of project Cgl is available and should be compiled
configure:22641: result: yes, source in Cgl
configure:22656: checking whether source of project Cbc is available and should be compiled
configure:22753: result: yes, source in Cbc
configure:22774: configuring doxygen documentation options
configure:22781: checking for doxygen
configure:22808: result: no
configure:22817: checking for latex
configure:22844: result: no
configure:22872: checking for dot
configure:22899: result: NO
configure:22950: checking for doxygen doc'n for CoinUtils 
configure:22982: result: NONE/share/coin/doc/CoinUtils/doxydoc (tag)
configure:22950: checking for doxygen doc'n for Osi 
configure:22982: result: NONE/share/coin/doc/Osi/doxydoc (tag)
configure:22950: checking for doxygen doc'n for Clp 
configure:22982: result: NONE/share/coin/doc/Clp/doxydoc (tag)
configure:22950: checking for doxygen doc'n for DyLP 
configure:22982: result: NONE/share/coin/doc/DyLP/doxydoc (tag)
configure:22950: checking for doxygen doc'n for Cgl 
configure:22982: result: NONE/share/coin/doc/Cgl/doxydoc (tag)
configure:22950: checking for doxygen doc'n for Vol 
configure:22982: result: NONE/share/coin/doc/Vol/doxydoc (tag)
configure:23007: checking which command should be used to link input files
configure:23015: result: ln -s
configure:23261: creating ./config.status

## ---------------------- ##
## Running config.status. ##
## ---------------------- ##

This file was extended by Cbc config.status 2.9.4, which was
generated by GNU Autoconf 2.59.  Invocation command line was

  CONFIG_FILES    = 
  CONFIG_HEADERS  = 
  CONFIG_LINKS    = 
  CONFIG_COMMANDS = 
  $ ./config.status 

on laurynas-VirtualBox

config.status:763: creating Makefile
config.status:763: creating doxydoc/doxygen.conf
config.status:946: executing depfiles commands
configure:24422: configuring in Data/Sample
configure:24539: running /bin/bash './configure' --prefix=/home/laurynas/Projects/SolveDB_pg11.2_ext/LPsolver_v1.6/pgCbc/Cbc-2.9.4  'CPPFLAGS=-fpic -DCOIN_NOTEST_DUPLICATE' '--enable-static' '--without-lapack' '--disable-bzlib' --cache-file=/dev/null --srcdir=.
configure:24422: configuring in Data/miplib3
configure:24539: running /bin/bash './configure' --prefix=/home/laurynas/Projects/SolveDB_pg11.2_ext/LPsolver_v1.6/pgCbc/Cbc-2.9.4  'CPPFLAGS=-fpic -DCOIN_NOTEST_DUPLICATE' '--enable-static' '--without-lapack' '--disable-bzlib' --cache-file=/dev/null --srcdir=.
configure:24422: configuring in CoinUtils
configure:24539: running /bin/bash './configure' --prefix=/home/laurynas/Projects/SolveDB_pg11.2_ext/LPsolver_v1.6/pgCbc/Cbc-2.9.4  'CPPFLAGS=-fpic -DCOIN_NOTEST_DUPLICATE' '--enable-static' '--without-lapack' '--disable-bzlib' --cache-file=/dev/null --srcdir=.
configure:24422: configuring in Osi
configure:24539: running /bin/bash './configure' --prefix=/home/laurynas/Projects/SolveDB_pg11.2_ext/LPsolver_v1.6/pgCbc/Cbc-2.9.4  'CPPFLAGS=-fpic -DCOIN_NOTEST_DUPLICATE' '--enable-static' '--without-lapack' '--disable-bzlib' --cache-file=/dev/null --srcdir=.
configure:24422: configuring in Clp
configure:24539: running /bin/bash './configure' --prefix=/home/laurynas/Projects/SolveDB_pg11.2_ext/LPsolver_v1.6/pgCbc/Cbc-2.9.4  'CPPFLAGS=-fpic -DCOIN_NOTEST_DUPLICATE' '--enable-static' '--without-lapack' '--disable-bzlib' --cache-file=/dev/null --srcdir=.
configure:24422: configuring in Cgl
configure:24539: running /bin/bash './configure' --prefix=/home/laurynas/Projects/SolveDB_pg11.2_ext/LPsolver_v1.6/pgCbc/Cbc-2.9.4  'CPPFLAGS=-fpic -DCOIN_NOTEST_DUPLICATE' '--enable-static' '--without-lapack' '--disable-bzlib' --cache-file=/dev/null --srcdir=.
configure:24422: configuring in Cbc
configure:24539: running /bin/bash './configure' --prefix=/home/laurynas/Projects/SolveDB_pg11.2_ext/LPsolver_v1.6/pgCbc/Cbc-2.9.4  'CPPFLAGS=-fpic -DCOIN_NOTEST_DUPLICATE' '--enable-static' '--without-lapack' '--disable-bzlib' --cache-file=/dev/null --srcdir=.
configure:24608: In case of trouble, first consult the troubleshooting page at https://projects.coin-or.org/BuildTools/wiki/user-troubleshooting
configure:24614: Main configuration of Cbc successful

## ---------------- ##
## Cache variables. ##
## ---------------- ##

ac_cv_build=x86_64-unknown-linux-gnu
ac_cv_build_alias=x86_64-unknown-linux-gnu
ac_cv_c_compiler_gnu=yes
ac_cv_cxx_compiler_gnu=yes
ac_cv_env_ADD_CFLAGS_set=
ac_cv_env_ADD_CFLAGS_value=
ac_cv_env_ADD_CXXFLAGS_set=
ac_cv_env_ADD_CXXFLAGS_value=
ac_cv_env_ADD_FFLAGS_set=
ac_cv_env_ADD_FFLAGS_value=
ac_cv_env_CC_set=
ac_cv_env_CC_value=
ac_cv_env_CDEFS_set=
ac_cv_env_CDEFS_value=
ac_cv_env_CFLAGS_set=
ac_cv_env_CFLAGS_value=
ac_cv_env_COIN_SKIP_PROJECTS_set=
ac_cv_env_COIN_SKIP_PROJECTS_value=
ac_cv_env_CPPFLAGS_set=set
ac_cv_env_CPPFLAGS_value='-fpic -DCOIN_NOTEST_DUPLICATE'
ac_cv_env_CPP_set=
ac_cv_env_CPP_value=
ac_cv_env_CXXCPP_set=
ac_cv_env_CXXCPP_value=
ac_cv_env_CXXDEFS_set=
ac_cv_env_CXXDEFS_value=
ac_cv_env_CXXFLAGS_set=
ac_cv_env_CXXFLAGS_value=
ac_cv_env_CXX_set=
ac_cv_env_CXX_value=
ac_cv_env_DBG_CFLAGS_set=
ac_cv_env_DBG_CFLAGS_value=
ac_cv_env_DBG_CXXFLAGS_set=
ac_cv_env_DBG_CXXFLAGS_value=
ac_cv_env_DBG_FFLAGS_set=
ac_cv_env_DBG_FFLAGS_value=
ac_cv_env_F77_set=
ac_cv_env_F77_value=
ac_cv_env_FFLAGS_set=
ac_cv_env_FFLAGS_value=
ac_cv_env_LDFLAGS_set=
ac_cv_env_LDFLAGS_value=
ac_cv_env_MPICC_set=
ac_cv_env_MPICC_value=
ac_cv_env_MPICXX_set=
ac_cv_env_MPICXX_value=
ac_cv_env_MPIF77_set=
ac_cv_env_MPIF77_value=
ac_cv_env_OPT_CFLAGS_set=
ac_cv_env_OPT_CFLAGS_value=
ac_cv_env_OPT_CXXFLAGS_set=
ac_cv_env_OPT_CXXFLAGS_value=
ac_cv_env_OPT_FFLAGS_set=
ac_cv_env_OPT_FFLAGS_value=
ac_cv_env_build_alias_set=
ac_cv_env_build_alias_value=
ac_cv_env_host_alias_set=
ac_cv_env_host_alias_value=
ac_cv_env_target_alias_set=
ac_cv_env_target_alias_value=
ac_cv_exeext=
ac_cv_header_dlfcn_h=yes
ac_cv_header_inttypes_h=yes
ac_cv_header_memory_h=yes
ac_cv_header_stdc=yes
ac_cv_header_stdint_h=yes
ac_cv_header_stdlib_h=yes
ac_cv_header_string_h=yes
ac_cv_header_strings_h=yes
ac_cv_header_sys_stat_h=yes
ac_cv_header_sys_types_h=yes
ac_cv_header_unistd_h=yes
ac_cv_host=x86_64-unknown-linux-gnu
ac_cv_host_alias=x86_64-unknown-linux-gnu
ac_cv_objext=o
ac_cv_path_install='/usr/bin/install -c'
ac_cv_prog_AWK=mawk
ac_cv_prog_CPP='gcc -E'
ac_cv_prog_CXXCPP='g++ -E'
ac_cv_prog_ac_ct_AR=ar
ac_cv_prog_ac_ct_CC=gcc
ac_cv_prog_ac_ct_CXX=g++
ac_cv_prog_ac_ct_RANLIB=ranlib
ac_cv_prog_ac_ct_STRIP=strip
ac_cv_prog_cc_g=yes
ac_cv_prog_cc_stdc=
ac_cv_prog_coin_doxy_usedot=NO
ac_cv_prog_coin_have_doxygen=no
ac_cv_prog_coin_have_latex=no
ac_cv_prog_cxx_g=yes
ac_cv_prog_egrep='grep -E'
ac_cv_prog_make_make_set=yes
am_cv_CC_dependencies_compiler_type=gcc3
am_cv_CXX_dependencies_compiler_type=gcc3
lt_cv_deplibs_check_method=pass_all
lt_cv_file_magic_cmd='$MAGIC_CMD'
lt_cv_file_magic_test_file=
lt_cv_ld_reload_flag=-r
lt_cv_objdir=.libs
lt_cv_path_LD=/usr/bin/ld
lt_cv_path_LDCXX='/usr/bin/ld -m elf_x86_64'
lt_cv_path_NM='/usr/bin/nm -B'
lt_cv_path_SED=/bin/sed
lt_cv_prog_compiler_c_o=yes
lt_cv_prog_compiler_c_o_CXX=yes
lt_cv_prog_compiler_c_o_F77=no
lt_cv_prog_compiler_rtti_exceptions=no
lt_cv_prog_gnu_ld=yes
lt_cv_prog_gnu_ldcxx=yes
lt_cv_sys_global_symbol_pipe='sed -n -e '\''s/^.*[ 	]\([ABCDGIRSTW][ABCDGIRSTW]*\)[ 	][ 	]*\([_A-Za-z][_A-Za-z0-9]*\)$/\1 \2 \2/p'\'''
lt_cv_sys_global_symbol_to_c_name_address='sed -n -e '\''s/^: \([^ ]*\) $/  {\"\1\", (lt_ptr) 0},/p'\'' -e '\''s/^[BCDEGRST] \([^ ]*\) \([^ ]*\)$/  {"\2", (lt_ptr) \&\2},/p'\'''
lt_cv_sys_global_symbol_to_cdecl='sed -n -e '\''s/^. .* \(.*\)$/extern int \1;/p'\'''
lt_cv_sys_max_cmd_len=32768
lt_lt_cv_prog_compiler_c_o='"yes"'
lt_lt_cv_prog_compiler_c_o_CXX='"yes"'
lt_lt_cv_prog_compiler_c_o_F77='"no"'
lt_lt_cv_sys_global_symbol_pipe='"sed -n -e '\''s/^.*[ 	]\\([ABCDGIRSTW][ABCDGIRSTW]*\\)[ 	][ 	]*\\([_A-Za-z][_A-Za-z0-9]*\\)\$/\\1 \\2 \\2/p'\''"'
lt_lt_cv_sys_global_symbol_to_c_name_address='"sed -n -e '\''s/^: \\([^ ]*\\) \$/  {\\\"\\1\\\", (lt_ptr) 0},/p'\'' -e '\''s/^[BCDEGRST] \\([^ ]*\\) \\([^ ]*\\)\$/  {\"\\2\", (lt_ptr) \\&\\2},/p'\''"'
lt_lt_cv_sys_global_symbol_to_cdecl='"sed -n -e '\''s/^. .* \\(.*\\)\$/extern int \\1;/p'\''"'

## ----------------- ##
## Output variables. ##
## ----------------- ##

ABSBUILDDIR=''
ACLOCAL='${SHELL} /home/laurynas/Projects/SolveDB_pg11.2_ext/LPsolver_v1.6/pgCbc/Cbc-2.9.4/missing --run aclocal-1.9'
ADD_CFLAGS=''
ADD_CXXFLAGS=''
ADD_FFLAGS=''
AMDEPBACKSLASH='\'
AMDEP_FALSE='#'
AMDEP_TRUE=''
AMTAR='${SHELL} /home/laurynas/Projects/SolveDB_pg11.2_ext/LPsolver_v1.6/pgCbc/Cbc-2.9.4/missing --run tar'
AR='ar'
AUTOCONF='${SHELL} /home/laurynas/Projects/SolveDB_pg11.2_ext/LPsolver_v1.6/pgCbc/Cbc-2.9.4/missing --run autoconf'
AUTOHEADER='${SHELL} /home/laurynas/Projects/SolveDB_pg11.2_ext/LPsolver_v1.6/pgCbc/Cbc-2.9.4/missing --run autoheader'
AUTOMAKE='${SHELL} /home/laurynas/Projects/SolveDB_pg11.2_ext/LPsolver_v1.6/pgCbc/Cbc-2.9.4/missing --run automake-1.9'
AUX_DIR=''
AWK='mawk'
BUILDTOOLSDIR=''
CC='gcc'
CCDEPMODE='depmode=gcc3'
CDEFS=''
CFLAGS='-O3 -pipe -DNDEBUG -pedantic-errors -Wimplicit -Wparentheses -Wsequence-point -Wreturn-type -Wcast-qual -Wall -Wno-unknown-pragmas -Wno-long-long  '
COIN_CC_IS_CL_FALSE=''
COIN_CC_IS_CL_TRUE='#'
COIN_CXX_IS_CL_FALSE=''
COIN_CXX_IS_CL_TRUE='#'
COIN_HAS_DOXYGEN_FALSE=''
COIN_HAS_DOXYGEN_TRUE='#'
COIN_HAS_LATEX_FALSE=''
COIN_HAS_LATEX_TRUE='#'
COIN_SKIP_PROJECTS=''
CPP='gcc -E'
CPPFLAGS='-fpic -DCOIN_NOTEST_DUPLICATE'
CXX='g++'
CXXCPP='g++ -E'
CXXDEFS=''
CXXDEPMODE='depmode=gcc3'
CXXFLAGS='-O3 -pipe -DNDEBUG -pedantic-errors -Wparentheses -Wreturn-type -Wcast-qual -Wall -Wpointer-arith -Wwrite-strings -Wconversion -Wno-unknown-pragmas -Wno-long-long  '
CYGPATH_W='echo'
DBG_CFLAGS='-g -O0 -pipe -pedantic-errors -Wimplicit -Wparentheses -Wsequence-point -Wreturn-type -Wcast-qual -Wall -Wno-unknown-pragmas -Wno-long-long  '
DBG_CXXFLAGS='-g -O0 -pipe -pedantic-errors -Wparentheses -Wreturn-type -Wcast-qual -Wall -Wpointer-arith -Wwrite-strings -Wconversion -Wno-unknown-pragmas -Wno-long-long  '
DBG_FFLAGS=' '
DEFS='-DPACKAGE_NAME=\"Cbc\" -DPACKAGE_TARNAME=\"cbc\" -DPACKAGE_VERSION=\"2.9.4\" -DPACKAGE_STRING=\"Cbc\ 2.9.4\" -DPACKAGE_BUGREPORT=\"cbc@lists.coin-or.org\" -DPACKAGE=\"cbc\" -DVERSION=\"2.9.4\" -DSTDC_HEADERS=1 -DHAVE_SYS_TYPES_H=1 -DHAVE_SYS_STAT_H=1 -DHAVE_STDLIB_H=1 -DHAVE_STRING_H=1 -DHAVE_MEMORY_H=1 -DHAVE_STRINGS_H=1 -DHAVE_INTTYPES_H=1 -DHAVE_STDINT_H=1 -DHAVE_UNISTD_H=1 -DHAVE_DLFCN_H=1 '
DEPDIR='.deps'
DEPENDENCY_LINKING_FALSE='#'
DEPENDENCY_LINKING_TRUE=''
ECHO='echo'
ECHO_C=''
ECHO_N='-n'
ECHO_T=''
EGREP='grep -E'
EXEEXT=''
F77='unavailable'
FFLAGS=' '
HAVE_EXTERNALS_FALSE=''
HAVE_EXTERNALS_TRUE='#'
INSTALL_DATA='${INSTALL} -m 644'
INSTALL_PROGRAM='${INSTALL}'
INSTALL_SCRIPT='${INSTALL}'
INSTALL_STRIP_PROGRAM='${SHELL} $(install_sh) -c -s'
LDFLAGS=''
LIBEXT='a'
LIBOBJS=''
LIBS=''
LIBTOOL='$(SHELL) $(top_builddir)/libtool'
LIBTOOLM4=''
LN_S='ln -s'
LTLIBOBJS=''
LT_LDFLAGS='-no-undefined'
MAINT='#'
MAINTAINER_MODE_FALSE=''
MAINTAINER_MODE_TRUE='#'
MAKEINFO='${SHELL} /home/laurynas/Projects/SolveDB_pg11.2_ext/LPsolver_v1.6/pgCbc/Cbc-2.9.4/missing --run makeinfo'
MPICC=''
MPICXX=''
MPIF77=''
OBJEXT='o'
OPT_CFLAGS='-O3 -pipe -DNDEBUG -pedantic-errors -Wimplicit -Wparentheses -Wsequence-point -Wreturn-type -Wcast-qual -Wall -Wno-unknown-pragmas -Wno-long-long  '
OPT_CXXFLAGS='-O3 -pipe -DNDEBUG -pedantic-errors -Wparentheses -Wreturn-type -Wcast-qual -Wall -Wpointer-arith -Wwrite-strings -Wconversion -Wno-unknown-pragmas -Wno-long-long  '
OPT_FFLAGS=' '
PACKAGE='cbc'
PACKAGE_BUGREPORT='cbc@lists.coin-or.org'
PACKAGE_NAME='Cbc'
PACKAGE_STRING='Cbc 2.9.4'
PACKAGE_TARNAME='cbc'
PACKAGE_VERSION='2.9.4'
PATH_SEPARATOR=':'
RANLIB='ranlib'
RPATH_FLAGS=' -Wl,--rpath -Wl,/home/laurynas/Projects/SolveDB_pg11.2_ext/LPsolver_v1.6/pgCbc/Cbc-2.9.4/lib'
SET_MAKE=''
SHELL='/bin/bash'
STRIP='strip'
VERSION='2.9.4'
VPATH_DISTCLEANFILES=''
abs_bin_dir='/home/laurynas/Projects/SolveDB_pg11.2_ext/LPsolver_v1.6/pgCbc/Cbc-2.9.4/bin'
abs_include_dir='/home/laurynas/Projects/SolveDB_pg11.2_ext/LPsolver_v1.6/pgCbc/Cbc-2.9.4/include'
abs_lib_dir='/home/laurynas/Projects/SolveDB_pg11.2_ext/LPsolver_v1.6/pgCbc/Cbc-2.9.4/lib'
abs_source_dir='/home/laurynas/Projects/SolveDB_pg11.2_ext/LPsolver_v1.6/pgCbc/Cbc-2.9.4'
ac_c_preproc_warn_flag=''
ac_ct_AR='ar'
ac_ct_CC='gcc'
ac_ct_CXX='g++'
ac_ct_F77='unavailable'
ac_ct_RANLIB='ranlib'
ac_ct_STRIP='strip'
ac_cxx_preproc_warn_flag=''
am__fastdepCC_FALSE='#'
am__fastdepCC_TRUE=''
am__fastdepCXX_FALSE='#'
am__fastdepCXX_TRUE=''
am__include='include'
am__leading_dot='.'
am__quote=''
am__tar='${AMTAR} chof - "$$tardir"'
am__untar='${AMTAR} xf -'
bindir='${exec_prefix}/bin'
build='x86_64-unknown-linux-gnu'
build_alias=''
build_cpu='x86_64'
build_os='linux-gnu'
build_vendor='unknown'
coin_doxy_excludes=''
coin_doxy_logname='doxydoc/cbc_doxy.log'
coin_doxy_tagfiles=' NONE/share/coin/doc/CoinUtils/doxydoc/coinutils_doxy.tag=NONE/share/coin/doc/CoinUtils/doxydoc/html NONE/share/coin/doc/Osi/doxydoc/osi_doxy.tag=NONE/share/coin/doc/Osi/doxydoc/html NONE/share/coin/doc/Clp/doxydoc/clp_doxy.tag=NONE/share/coin/doc/Clp/doxydoc/html NONE/share/coin/doc/DyLP/doxydoc/dylp_doxy.tag=NONE/share/coin/doc/DyLP/doxydoc/html NONE/share/coin/doc/Cgl/doxydoc/cgl_doxy.tag=NONE/share/coin/doc/Cgl/doxydoc/html NONE/share/coin/doc/Vol/doxydoc/vol_doxy.tag=NONE/share/coin/doc/Vol/doxydoc/html'
coin_doxy_tagname='doxydoc/cbc_doxy.tag'
coin_doxy_usedot='NO'
coin_have_doxygen='no'
coin_have_latex='no'
datadir='${prefix}/share'
exec_prefix='${prefix}'
have_autoconf=''
have_automake=''
have_svn=''
host='x86_64-unknown-linux-gnu'
host_alias=''
host_cpu='x86_64'
host_os='linux-gnu'
host_vendor='unknown'
includedir='${prefix}/include'
infodir='${prefix}/info'
install_sh='/home/laurynas/Projects/SolveDB_pg11.2_ext/LPsolver_v1.6/pgCbc/Cbc-2.9.4/install-sh'
libdir='${exec_prefix}/lib'
libexecdir='${exec_prefix}/libexec'
localstatedir='${prefix}/var'
mandir='${prefix}/man'
mkdir_p='mkdir -p --'
oldincludedir='/usr/include'
prefix='/home/laurynas/Projects/SolveDB_pg11.2_ext/LPsolver_v1.6/pgCbc/Cbc-2.9.4'
program_transform_name='s,x,x,'
sbindir='${exec_prefix}/sbin'
sharedstatedir='${prefix}/com'
sol_cc_compiler=''
subdirs=' Data/Sample Data/miplib3 CoinUtils Osi Clp Cgl Cbc'
sysconfdir='${prefix}/etc'
target_alias=''

## ----------- ##
## confdefs.h. ##
## ----------- ##

#define HAVE_DLFCN_H 1
#define HAVE_INTTYPES_H 1
#define HAVE_MEMORY_H 1
#define HAVE_STDINT_H 1
#define HAVE_STDLIB_H 1
#define HAVE_STRINGS_H 1
#define HAVE_STRING_H 1
#define HAVE_SYS_STAT_H 1
#define HAVE_SYS_TYPES_H 1
#define HAVE_UNISTD_H 1
#define PACKAGE "cbc"
#define PACKAGE_BUGREPORT "cbc@lists.coin-or.org"
#define PACKAGE_NAME "Cbc"
#define PACKAGE_STRING "Cbc 2.9.4"
#define PACKAGE_TARNAME "cbc"
#define PACKAGE_VERSION "2.9.4"
#define STDC_HEADERS 1
#define VERSION "2.9.4"
#endif
#ifdef __cplusplus
extern "C" void exit (int) throw ();

configure: exit 0
